0 info it worked if it ends with ok
1 verbose cli [ 'node',
1 verbose cli   '/usr/local/bin/npm',
1 verbose cli   'install',
1 verbose cli   '-g',
1 verbose cli   'express-mocks-http' ]
2 info using npm@1.4.28
3 info using node@v0.10.33
4 verbose cache add [ 'express-mocks-http', null ]
5 verbose cache add name=undefined spec="express-mocks-http" args=["express-mocks-http",null]
6 verbose parsed url { protocol: null,
6 verbose parsed url   slashes: null,
6 verbose parsed url   auth: null,
6 verbose parsed url   host: null,
6 verbose parsed url   port: null,
6 verbose parsed url   hostname: null,
6 verbose parsed url   hash: null,
6 verbose parsed url   search: null,
6 verbose parsed url   query: null,
6 verbose parsed url   pathname: 'express-mocks-http',
6 verbose parsed url   path: 'express-mocks-http',
6 verbose parsed url   href: 'express-mocks-http' }
7 silly lockFile 5437fd72-express-mocks-http express-mocks-http
8 verbose lock express-mocks-http /Users/anthony/.npm/5437fd72-express-mocks-http.lock
9 silly lockFile 5437fd72-express-mocks-http express-mocks-http
10 silly lockFile 5437fd72-express-mocks-http express-mocks-http
11 verbose addNamed [ 'express-mocks-http', '' ]
12 verbose addNamed [ null, '*' ]
13 silly lockFile 53b9671a-express-mocks-http express-mocks-http@
14 verbose lock express-mocks-http@ /Users/anthony/.npm/53b9671a-express-mocks-http.lock
15 silly addNameRange { name: 'express-mocks-http', range: '*', hasData: false }
16 verbose request where is /express-mocks-http
17 verbose request registry https://registry.npmjs.org/
18 verbose request id 2c399a3f18e0e927
19 verbose url raw /express-mocks-http
20 verbose url resolving [ 'https://registry.npmjs.org/', './express-mocks-http' ]
21 verbose url resolved https://registry.npmjs.org/express-mocks-http
22 verbose request where is https://registry.npmjs.org/express-mocks-http
23 info trying registry request attempt 1 at 13:15:39
24 http GET https://registry.npmjs.org/express-mocks-http
25 http 200 https://registry.npmjs.org/express-mocks-http
26 silly registry.get cb [ 200,
26 silly registry.get   { date: 'Sat, 20 Dec 2014 18:15:38 GMT',
26 silly registry.get     server: 'CouchDB/1.5.0 (Erlang OTP/R16B03)',
26 silly registry.get     etag: '"CPKES6UV5JMQ3DUXZAMI94T0N"',
26 silly registry.get     'content-type': 'application/json',
26 silly registry.get     'cache-control': 'max-age=60',
26 silly registry.get     'content-length': '9987',
26 silly registry.get     'accept-ranges': 'bytes',
26 silly registry.get     via: '1.1 varnish',
26 silly registry.get     age: '0',
26 silly registry.get     'x-served-by': 'cache-atl6226-ATL',
26 silly registry.get     'x-cache': 'MISS',
26 silly registry.get     'x-cache-hits': '0',
26 silly registry.get     'x-timer': 'S1419099338.667186,VS0,VE107',
26 silly registry.get     vary: 'Accept',
26 silly registry.get     'keep-alive': 'timeout=10, max=50',
26 silly registry.get     connection: 'Keep-Alive' } ]
27 silly addNameRange number 2 { name: 'express-mocks-http', range: '*', hasData: true }
28 silly addNameRange versions [ 'express-mocks-http',
28 silly addNameRange   [ '0.0.6', '0.0.7', '0.0.8', '0.0.9', '0.0.10', '0.0.11' ] ]
29 verbose addNamed [ 'express-mocks-http', '0.0.11' ]
30 verbose addNamed [ '0.0.11', '0.0.11' ]
31 silly lockFile c1a8d178-express-mocks-http-0-0-11 express-mocks-http@0.0.11
32 verbose lock express-mocks-http@0.0.11 /Users/anthony/.npm/c1a8d178-express-mocks-http-0-0-11.lock
33 silly lockFile 7c065416-tp-express-mocks-http-0-0-11-tgz https://registry.npmjs.org/express-mocks-http/-/express-mocks-http-0.0.11.tgz
34 verbose lock https://registry.npmjs.org/express-mocks-http/-/express-mocks-http-0.0.11.tgz /Users/anthony/.npm/7c065416-tp-express-mocks-http-0-0-11-tgz.lock
35 verbose addRemoteTarball [ 'https://registry.npmjs.org/express-mocks-http/-/express-mocks-http-0.0.11.tgz',
35 verbose addRemoteTarball   '5fc60332b658db965266ecababaa02997ec8ee53' ]
36 info retry fetch attempt 1 at 13:15:39
37 verbose fetch to= /var/folders/xk/3wzv56s112v094pt3qysjcz80000gn/T/npm-26553-bQJx1h5u/registry.npmjs.org/express-mocks-http/-/express-mocks-http-0.0.11.tgz
38 http GET https://registry.npmjs.org/express-mocks-http/-/express-mocks-http-0.0.11.tgz
39 http 200 https://registry.npmjs.org/express-mocks-http/-/express-mocks-http-0.0.11.tgz
40 silly lockFile 7c065416-tp-express-mocks-http-0-0-11-tgz https://registry.npmjs.org/express-mocks-http/-/express-mocks-http-0.0.11.tgz
41 silly lockFile 7c065416-tp-express-mocks-http-0-0-11-tgz https://registry.npmjs.org/express-mocks-http/-/express-mocks-http-0.0.11.tgz
42 silly lockFile c1a8d178-express-mocks-http-0-0-11 express-mocks-http@0.0.11
43 silly lockFile c1a8d178-express-mocks-http-0-0-11 express-mocks-http@0.0.11
44 silly lockFile 53b9671a-express-mocks-http express-mocks-http@
45 silly lockFile 53b9671a-express-mocks-http express-mocks-http@
46 silly resolved [ { author:
46 silly resolved      { name: 'Howard Abrams',
46 silly resolved        email: 'howard.abrams@gmail.com',
46 silly resolved        url: 'http://www.github.com/howardabrams' },
46 silly resolved     contributors: [ [Object] ],
46 silly resolved     name: 'express-mocks-http',
46 silly resolved     description: 'Mock \'http\' objects for testing Express routing functions',
46 silly resolved     version: '0.0.11',
46 silly resolved     homepage: 'http://www.github.com/howardabrams/node-mocks-http',
46 silly resolved     keywords: [],
46 silly resolved     repository:
46 silly resolved      { type: 'git',
46 silly resolved        url: 'git://github.com/howardabrams/node-mocks-http.git' },
46 silly resolved     main: './lib/http-mock.js',
46 silly resolved     engines: { node: '>=0.6' },
46 silly resolved     dependencies: { mime: '1.2.5' },
46 silly resolved     _npmUser: { name: 'meg', email: 'meg@metamx.com' },
46 silly resolved     _id: 'express-mocks-http@0.0.11',
46 silly resolved     devDependencies: {},
46 silly resolved     optionalDependencies: {},
46 silly resolved     _engineSupported: true,
46 silly resolved     _npmVersion: '1.1.12',
46 silly resolved     _nodeVersion: 'v0.6.14',
46 silly resolved     _defaultsLoaded: true,
46 silly resolved     dist:
46 silly resolved      { shasum: '5fc60332b658db965266ecababaa02997ec8ee53',
46 silly resolved        tarball: 'http://registry.npmjs.org/express-mocks-http/-/express-mocks-http-0.0.11.tgz' },
46 silly resolved     maintainers: [ [Object] ],
46 silly resolved     directories: {},
46 silly resolved     _shasum: '5fc60332b658db965266ecababaa02997ec8ee53',
46 silly resolved     _from: 'express-mocks-http@',
46 silly resolved     _resolved: 'https://registry.npmjs.org/express-mocks-http/-/express-mocks-http-0.0.11.tgz' } ]
47 info install express-mocks-http@0.0.11 into /usr/local/lib
48 info installOne express-mocks-http@0.0.11
49 verbose lib/node_modules/express-mocks-http unbuild
50 verbose tar unpack /Users/anthony/.npm/express-mocks-http/0.0.11/package.tgz
51 silly lockFile ecdd1a75--node-modules-express-mocks-http tar:///usr/local/lib/node_modules/express-mocks-http
52 verbose lock tar:///usr/local/lib/node_modules/express-mocks-http /Users/anthony/.npm/ecdd1a75--node-modules-express-mocks-http.lock
53 silly lockFile 1277818d-ss-mocks-http-0-0-11-package-tgz tar:///Users/anthony/.npm/express-mocks-http/0.0.11/package.tgz
54 verbose lock tar:///Users/anthony/.npm/express-mocks-http/0.0.11/package.tgz /Users/anthony/.npm/1277818d-ss-mocks-http-0-0-11-package-tgz.lock
55 silly gunzTarPerm modes [ '755', '644' ]
56 error Error: EACCES, mkdir '/usr/local/lib/node_modules/express-mocks-http'
56 error  { [Error: EACCES, mkdir '/usr/local/lib/node_modules/express-mocks-http']
56 error   errno: 3,
56 error   code: 'EACCES',
56 error   path: '/usr/local/lib/node_modules/express-mocks-http',
56 error   fstream_type: 'Directory',
56 error   fstream_path: '/usr/local/lib/node_modules/express-mocks-http',
56 error   fstream_class: 'DirWriter',
56 error   fstream_stack:
56 error    [ '/usr/local/lib/node_modules/npm/node_modules/fstream/lib/dir-writer.js:36:23',
56 error      '/usr/local/lib/node_modules/npm/node_modules/mkdirp/index.js:46:53',
56 error      'Object.oncomplete (fs.js:107:15)' ] }
57 error Please try running this command again as root/Administrator.
58 error System Darwin 14.0.0
59 error command "node" "/usr/local/bin/npm" "install" "-g" "express-mocks-http"
60 error cwd /Users/anthony/my-new-project
61 error node -v v0.10.33
62 error npm -v 1.4.28
63 error path /usr/local/lib/node_modules/express-mocks-http
64 error fstream_path /usr/local/lib/node_modules/express-mocks-http
65 error fstream_type Directory
66 error fstream_class DirWriter
67 error code EACCES
68 error errno 3
69 error stack Error: EACCES, mkdir '/usr/local/lib/node_modules/express-mocks-http'
70 error fstream_stack /usr/local/lib/node_modules/npm/node_modules/fstream/lib/dir-writer.js:36:23
70 error fstream_stack /usr/local/lib/node_modules/npm/node_modules/mkdirp/index.js:46:53
70 error fstream_stack Object.oncomplete (fs.js:107:15)
71 verbose exit [ 3, true ]
